<?xml version="1.0" encoding="UTF-8"?>
<testng-results ignored="0" total="4" passed="4" failed="0" skipped="0">
  <reporter-output>
  </reporter-output>
  <suite started-at="2026-06-26T12:43:21 IST" name="Selenium POM Practice Suite" finished-at="2026-06-26T12:43:46 IST" duration-ms="24544">
    <groups>
    </groups>
    <test started-at="2026-06-26T12:43:21 IST" name="Page Object Model Tests" finished-at="2026-06-26T12:43:46 IST" duration-ms="24544">
      <class name="com.techlambda.selenium.pom.tests.LoginPomTest">
        <test-method is-config="true" signature="setupBrowser()[pri:0, instance:com.techlambda.selenium.pom.tests.LoginPomTest@38c6f217]" started-at="2026-06-26T12:43:22 IST" name="setupBrowser" finished-at="2026-06-26T12:43:31 IST" duration-ms="9061" status="PASS">
          <reporter-output>
          </reporter-output>
        </test-method> <!-- setupBrowser -->
        <test-method signature="invalidUserCanSeeLoginErrorMessage()[pri:0, instance:com.techlambda.selenium.pom.tests.LoginPomTest@38c6f217]" started-at="2026-06-26T12:43:31 IST" name="invalidUserCanSeeLoginErrorMessage" finished-at="2026-06-26T12:43:32 IST" duration-ms="1504" status="PASS">
          <reporter-output>
          </reporter-output>
        </test-method> <!-- invalidUserCanSeeLoginErrorMessage -->
        <test-method is-config="true" signature="closeBrowser()[pri:0, instance:com.techlambda.selenium.pom.tests.LoginPomTest@38c6f217]" started-at="2026-06-26T12:43:32 IST" name="closeBrowser" finished-at="2026-06-26T12:43:33 IST" duration-ms="998" status="PASS">
          <reporter-output>
          </reporter-output>
        </test-method> <!-- closeBrowser -->
        <test-method is-config="true" signature="setupBrowser()[pri:0, instance:com.techlambda.selenium.pom.tests.LoginPomTest@38c6f217]" started-at="2026-06-26T12:43:33 IST" name="setupBrowser" finished-at="2026-06-26T12:43:35 IST" duration-ms="1862" status="PASS">
          <reporter-output>
          </reporter-output>
        </test-method> <!-- setupBrowser -->
        <test-method signature="validUserCanLoginSuccessfully()[pri:0, instance:com.techlambda.selenium.pom.tests.LoginPomTest@38c6f217]" started-at="2026-06-26T12:43:35 IST" name="validUserCanLoginSuccessfully" finished-at="2026-06-26T12:43:36 IST" duration-ms="1016" status="PASS">
          <reporter-output>
          </reporter-output>
        </test-method> <!-- validUserCanLoginSuccessfully -->
        <test-method is-config="true" signature="closeBrowser()[pri:0, instance:com.techlambda.selenium.pom.tests.LoginPomTest@38c6f217]" started-at="2026-06-26T12:43:36 IST" name="closeBrowser" finished-at="2026-06-26T12:43:37 IST" duration-ms="997" status="PASS">
          <reporter-output>
          </reporter-output>
        </test-method> <!-- closeBrowser -->
      </class> <!-- com.techlambda.selenium.pom.tests.LoginPomTest -->
      <class name="com.techlambda.selenium.pom.tests.EcommercePomTest">
        <test-method is-config="true" signature="setupBrowser()[pri:0, instance:com.techlambda.selenium.pom.tests.EcommercePomTest@3023df74]" started-at="2026-06-26T12:43:37 IST" name="setupBrowser" finished-at="2026-06-26T12:43:39 IST" duration-ms="1635" status="PASS">
          <reporter-output>
          </reporter-output>
        </test-method> <!-- setupBrowser -->
        <test-method signature="userCanClearCart()[pri:0, instance:com.techlambda.selenium.pom.tests.EcommercePomTest@3023df74]" started-at="2026-06-26T12:43:39 IST" name="userCanClearCart" finished-at="2026-06-26T12:43:40 IST" duration-ms="1606" status="PASS">
          <reporter-output>
          </reporter-output>
        </test-method> <!-- userCanClearCart -->
        <test-method is-config="true" signature="closeBrowser()[pri:0, instance:com.techlambda.selenium.pom.tests.EcommercePomTest@3023df74]" started-at="2026-06-26T12:43:40 IST" name="closeBrowser" finished-at="2026-06-26T12:43:42 IST" duration-ms="1356" status="PASS">
          <reporter-output>
          </reporter-output>
        </test-method> <!-- closeBrowser -->
        <test-method is-config="true" signature="setupBrowser()[pri:0, instance:com.techlambda.selenium.pom.tests.EcommercePomTest@3023df74]" started-at="2026-06-26T12:43:42 IST" name="setupBrowser" finished-at="2026-06-26T12:43:44 IST" duration-ms="2049" status="PASS">
          <reporter-output>
          </reporter-output>
        </test-method> <!-- setupBrowser -->
        <test-method signature="userCanSearchProductAndAddProductToCart()[pri:0, instance:com.techlambda.selenium.pom.tests.EcommercePomTest@3023df74]" started-at="2026-06-26T12:43:44 IST" name="userCanSearchProductAndAddProductToCart" finished-at="2026-06-26T12:43:45 IST" duration-ms="1754" status="PASS">
          <reporter-output>
          </reporter-output>
        </test-method> <!-- userCanSearchProductAndAddProductToCart -->
        <test-method is-config="true" signature="closeBrowser()[pri:0, instance:com.techlambda.selenium.pom.tests.EcommercePomTest@3023df74]" started-at="2026-06-26T12:43:45 IST" name="closeBrowser" finished-at="2026-06-26T12:43:46 IST" duration-ms="599" status="PASS">
          <reporter-output>
          </reporter-output>
        </test-method> <!-- closeBrowser -->
      </class> <!-- com.techlambda.selenium.pom.tests.EcommercePomTest -->
    </test> <!-- Page Object Model Tests -->
  </suite> <!-- Selenium POM Practice Suite -->
</testng-results>
