<?xml version="1.0" encoding="UTF-8"?>
<testsuite xmlns:xsi="http://www.w3.org/2001/XMLSchema-instance" xsi:noNamespaceSchemaLocation="https://maven.apache.org/surefire/maven-surefire-plugin/xsd/surefire-test-report.xsd" version="3.0.2" name="com.techlambda.selenium.synchronization.SynchronizationTest" time="52.585" tests="5" errors="0" skipped="0" failures="0">
  <properties>
[...]
</properties>
  <testcase name="fluentWaitExample_pollsUntilStatusIsCompleted" classname="com.techlambda.selenium.synchronization.SynchronizationTest" time="20.335">
    <system-err><![CDATA[Jun 22, 2026 2:22:04 PM org.openqa.selenium.devtools.CdpVersionFinder findNearestMatch
WARNING: Unable to find CDP implementation matching 149
Jun 22, 2026 2:22:04 PM org.openqa.selenium.chromium.ChromiumDriver lambda$new$4
WARNING: Unable to find version of CDP to use for 149.0.7827.116. You may need to include a dependency on a specific version of the CDP using something similar to `org.seleniumhq.selenium:selenium-devtools-v86:4.28.1` where the version ("v86") matches the version of the chromium-based browser you're using and the version number of the artifact is the same as Selenium's.
]]></system-err>
  </testcase>
  <testcase name="explicitWaitExample_waitsUntilProductCardsAreLoaded" classname="com.techlambda.selenium.synchronization.SynchronizationTest" time="15.915">
    <system-err><![CDATA[Jun 22, 2026 2:22:19 PM org.openqa.selenium.devtools.CdpVersionFinder findNearestMatch
WARNING: Unable to find CDP implementation matching 149
Jun 22, 2026 2:22:19 PM org.openqa.selenium.chromium.ChromiumDriver lambda$new$4
WARNING: Unable to find version of CDP to use for 149.0.7827.116. You may need to include a dependency on a specific version of the CDP using something similar to `org.seleniumhq.selenium:selenium-devtools-v86:4.28.1` where the version ("v86") matches the version of the chromium-based browser you're using and the version number of the artifact is the same as Selenium's.
]]></system-err>
  </testcase>
  <testcase name="clickableWaitExample_waitsUntilButtonIsClickable" classname="com.techlambda.selenium.synchronization.SynchronizationTest" time="7.936">
    <system-err><![CDATA[Jun 22, 2026 2:22:32 PM org.openqa.selenium.devtools.CdpVersionFinder findNearestMatch
WARNING: Unable to find CDP implementation matching 149
Jun 22, 2026 2:22:32 PM org.openqa.selenium.chromium.ChromiumDriver lambda$new$4
WARNING: Unable to find version of CDP to use for 149.0.7827.116. You may need to include a dependency on a specific version of the CDP using something similar to `org.seleniumhq.selenium:selenium-devtools-v86:4.28.1` where the version ("v86") matches the version of the chromium-based browser you're using and the version number of the artifact is the same as Selenium's.
]]></system-err>
  </testcase>
  <testcase name="implicitWaitExample_canFindElementsOnPage" classname="com.techlambda.selenium.synchronization.SynchronizationTest" time="3.329">
    <system-err><![CDATA[Jun 22, 2026 2:22:38 PM org.openqa.selenium.devtools.CdpVersionFinder findNearestMatch
WARNING: Unable to find CDP implementation matching 149
Jun 22, 2026 2:22:38 PM org.openqa.selenium.chromium.ChromiumDriver lambda$new$4
WARNING: Unable to find version of CDP to use for 149.0.7827.116. You may need to include a dependency on a specific version of the CDP using something similar to `org.seleniumhq.selenium:selenium-devtools-v86:4.28.1` where the version ("v86") matches the version of the chromium-based browser you're using and the version number of the artifact is the same as Selenium's.
]]></system-err>
  </testcase>
  <testcase name="explicitWaitExample_waitsUntilMessageIsVisible" classname="com.techlambda.selenium.synchronization.SynchronizationTest" time="4.928">
    <system-err><![CDATA[Jun 22, 2026 2:22:41 PM org.openqa.selenium.devtools.CdpVersionFinder findNearestMatch
WARNING: Unable to find CDP implementation matching 149
Jun 22, 2026 2:22:41 PM org.openqa.selenium.chromium.ChromiumDriver lambda$new$4
WARNING: Unable to find version of CDP to use for 149.0.7827.116. You may need to include a dependency on a specific version of the CDP using something similar to `org.seleniumhq.selenium:selenium-devtools-v86:4.28.1` where the version ("v86") matches the version of the chromium-based browser you're using and the version number of the artifact is the same as Selenium's.
]]></system-err>
  </testcase>
</testsuite>