<?xml version="1.0" encoding="UTF-8"?>
<!-- Generated by org.testng.reporters.JUnitReportReporter -->
<testsuite hostname="DESKTOP-J9APQ0V" failures="0" tests="2" name="com.techlambda.selenium.pom.tests.EcommercePomTest" time="8.999" errors="0" timestamp="2026-06-26T12:43:46 IST" skipped="0">
  <testcase classname="com.techlambda.selenium.pom.tests.EcommercePomTest" name="userCanSearchProductAndAddProductToCart" time="4.745"/>
  <testcase classname="com.techlambda.selenium.pom.tests.EcommercePomTest" name="userCanClearCart" time="4.254"/>
</testsuite> <!-- com.techlambda.selenium.pom.tests.EcommercePomTest -->
