<?xml version="1.0" encoding="UTF-8"?>
<!-- Generated by org.testng.reporters.JUnitXMLReporter -->
<testsuite ignored="0" hostname="DESKTOP-J9APQ0V" failures="0" tests="4" name="Page Object Model Tests" time="24.544" errors="0" timestamp="2026-06-26T12:43:46 IST">
  <testcase classname="com.techlambda.selenium.pom.tests.LoginPomTest" name="invalidUserCanSeeLoginErrorMessage" time="1.504"/>
  <testcase classname="com.techlambda.selenium.pom.tests.LoginPomTest" name="validUserCanLoginSuccessfully" time="1.016"/>
  <testcase classname="com.techlambda.selenium.pom.tests.EcommercePomTest" name="userCanClearCart" time="1.606"/>
  <testcase classname="com.techlambda.selenium.pom.tests.EcommercePomTest" name="userCanSearchProductAndAddProductToCart" time="1.754"/>
</testsuite> <!-- Page Object Model Tests -->
