<?xml version="1.0" encoding="UTF-8"?>
<testsuite xmlns:xsi="http://www.w3.org/2001/XMLSchema-instance" xsi:noNamespaceSchemaLocation="https://maven.apache.org/surefire/maven-surefire-plugin/xsd/surefire-test-report.xsd" version="3.0.2" name="com.techlambda.restassured.intro.tests.RestAssuredIntroductionTest" time="4.471" tests="8" errors="0" skipped="0" failures="0">
  <properties>
[...]
</properties>
  <testcase name="postUsersShouldCreateNewUser" classname="com.techlambda.restassured.intro.tests.RestAssuredIntroductionTest" time="3.086"/>
  <testcase name="unknownUserShouldReturnNotFound" classname="com.techlambda.restassured.intro.tests.RestAssuredIntroductionTest" time="0.101"/>
  <testcase name="getUsersShouldReturnUserList" classname="com.techlambda.restassured.intro.tests.RestAssuredIntroductionTest" time="0.137"/>
  <testcase name="postUsersShouldReturnBadRequestForInvalidPayload" classname="com.techlambda.restassured.intro.tests.RestAssuredIntroductionTest" time="0.048"/>
  <testcase name="getHealthShouldReturnUpStatus" classname="com.techlambda.restassured.intro.tests.RestAssuredIntroductionTest" time="0.068"/>
  <testcase name="responseCanBeStoredForCustomValidation" classname="com.techlambda.restassured.intro.tests.RestAssuredIntroductionTest" time="0.116"/>
  <testcase name="queryParameterShouldFilterUsersByRole" classname="com.techlambda.restassured.intro.tests.RestAssuredIntroductionTest" time="0.084"/>
  <testcase name="pathParameterShouldFetchUserById" classname="com.techlambda.restassured.intro.tests.RestAssuredIntroductionTest" time="0.101"/>
</testsuite>